Arguments: 
  /Users/fabriciopolicarpo/.nvm/versions/node/v10.16.1/bin/node /usr/local/bin/yarn i

PATH: 
  /Users/fabriciopolicarpo/.nvm/versions/node/v10.16.1/bin:/Library/Frameworks/Python.framework/Versions/3.7/bin:/usr/local/bin:/usr/bin:/bin:/usr/sbin:/sbin:/Users/fabriciopolicarpo/.nvm/versions/node/v10.16.1/bin:/Library/Frameworks/Python.framework/Versions/3.7/bin

Yarn version: 
  1.16.0

Node version: 
  10.16.1

Platform: 
  darwin x64

Trace: 
  SyntaxError: /Users/fabriciopolicarpo/Desktop/TagAlongServer/server_no_createExpress/package.json: Unexpected token } in JSON at position 698
      at JSON.parse (<anonymous>)
      at /usr/local/lib/node_modules/yarn/lib/cli.js:1625:59
      at Generator.next (<anonymous>)
      at step (/usr/local/lib/node_modules/yarn/lib/cli.js:304:30)
      at /usr/local/lib/node_modules/yarn/lib/cli.js:315:13

npm manifest: 
  {
    "name": "tag_along",
    "version": "1.0.0",
    "description": "tag along server, not using express generator",
    "main": "index.js",
    "scripts": {
      "dev": "nodemon server.js"
    },
    "repository": {
      "type": "git",
      "url": "git+https://github.com/fpolica91/tagalongServer.git"
    },
    "author": "fabricio policarpo",
    "license": "ISC",
    "bugs": {
      "url": "https://github.com/fpolica91/tagalongServer/issues"
    },
    "homepage": "https://github.com/fpolica91/tagalongServer",
    "dependencies": {
      "body-parser": "^1.19.0",
      "cookie-parser": "^1.4.4",
      "cors": "^2.8.5",
      "express": "^4.17.1",
      "mongoose": "^5.7.12",
      "socket.io": "^2.3.0",
      "morgan": "^1.9.0",
    },
    "devDependencies": {
      "nodemon": "^1.19.1"
    }
  }

yarn manifest: 
  No manifest

Lockfile: 
  No lockfile
